<?xml version="1.0" encoding="UTF-8"?>
<testsuite name="CalculadoraTest1" tests="1000" skipped="0" failures="0" errors="0" timestamp="2023-03-03T18:25:28" hostname="DESKTOP-CFMQIGF" time="0.472">
  <properties/>
  <testcase name="Restando: 0" classname="CalculadoraTest1" time="0.017"/>
  <testcase name="Restando: 1" classname="CalculadoraTest1" time="0.001"/>
  <testcase name="Restando: 2" classname="CalculadoraTest1" time="0.001"/>
  <testcase name="Restando: 3" classname="CalculadoraTest1" time="0.002"/>
  <testcase name="Restando: 4" classname="CalculadoraTest1" time="0.0"/>
  <testcase name="Restando: 5" classname="CalculadoraTest1" time="0.001"/>
  <testcase name="Restando: 6" classname="CalculadoraTest1" time="0.0"/>
  <testcase name="Restando: 7" classname="CalculadoraTest1" time="0.001"/>
  <testcase name="Restando: 8" classname="CalculadoraTest1" time="0.001"/>
  <testcase name="Restando: 9" classname="CalculadoraTest1" time="0.0"/>
  <testcase name="Restando: 10" classname="CalculadoraTest1" time="0.001"/>
  <testcase name="Restando: 11" classname="CalculadoraTest1" time="0.003"/>
  <testcase name="Restando: 12" classname="CalculadoraTest1" time="0.0"/>
  <testcase name="Restando: 13" classname="CalculadoraTest1" time="0.001"/>
  <testcase name="Restando: 14" classname="CalculadoraTest1" time="0.0"/>
  <testcase name="Restando: 15" classname="CalculadoraTest1" time="0.0"/>
  <testcase name="Restando: 16" classname="CalculadoraTest1" time="0.0"/>
  <testcase name="Restando: 17" classname="CalculadoraTest1" time="0.0"/>
  <testcase name="Restando: 18" classname="CalculadoraTest1" time="0.001"/>
  <testcase name="Restando: 19" classname="CalculadoraTest1" time="0.001"/>
  <testcase name="Restando: 20" classname="CalculadoraTest1" time="0.0"/>
  <testcase name="Restando: 21" classname="CalculadoraTest1" time="0.0"/>
  <testcase name="Restando: 22" classname="CalculadoraTest1" time="0.0"/>
  <testcase name="Restando: 23" classname="CalculadoraTest1" time="0.0"/>
  <testcase name="Restando: 24" classname="CalculadoraTest1" time="0.001"/>
  <testcase name="Restando: 25" classname="CalculadoraTest1" time="0.0"/>
  <testcase name="Restando: 26" classname="CalculadoraTest1" time="0.0"/>
  <testcase name="Restando: 27" classname="CalculadoraTest1" time="0.001"/>
  <testcase name="Restando: 28" classname="CalculadoraTest1" time="0.0"/>
  <testcase name="Restando: 29" classname="CalculadoraTest1" time="0.0"/>
  <testcase name="Restando: 30" classname="CalculadoraTest1" time="0.0"/>
  <testcase name="Restando: 31" classname="CalculadoraTest1" time="0.0"/>
  <testcase name="Restando: 32" classname="CalculadoraTest1" time="0.0"/>
  <testcase name="Restando: 33" classname="CalculadoraTest1" time="0.0"/>
  <testcase name="Restando: 34" classname="CalculadoraTest1" time="0.001"/>
  <testcase name="Restando: 35" classname="CalculadoraTest1" time="0.0"/>
  <testcase name="Restando: 36" classname="CalculadoraTest1" time="0.0"/>
  <testcase name="Restando: 37" classname="CalculadoraTest1" time="0.0"/>
  <testcase name="Restando: 38" classname="CalculadoraTest1" time="0.0"/>
  <testcase name="Restando: 39" classname="CalculadoraTest1" time="0.001"/>
  <testcase name="Restando: 40" classname="CalculadoraTest1" time="0.0"/>
  <testcase name="Restando: 41" classname="CalculadoraTest1" time="0.0"/>
  <testcase name="Restando: 42" classname="CalculadoraTest1" time="0.0"/>
  <testcase name="Restando: 43" classname="CalculadoraTest1" time="0.0"/>
  <testcase name="Restando: 44" classname="CalculadoraTest1" time="0.001"/>
  <testcase name="Restando: 45" classname="CalculadoraTest1" time="0.004"/>
  <testcase name="Restando: 46" classname="CalculadoraTest1" time="0.0"/>
  <testcase name="Restando: 47" classname="CalculadoraTest1" time="0.001"/>
  <testcase name="Restando: 48" classname="CalculadoraTest1" time="0.0"/>
  <testcase name="Restando: 49" classname="CalculadoraTest1" time="0.0"/>
  <testcase name="Restando: 50" classname="CalculadoraTest1" time="0.0"/>
  <testcase name="Restando: 51" classname="CalculadoraTest1" time="0.0"/>
  <testcase name="Restando: 52" classname="CalculadoraTest1" time="0.0"/>
  <testcase name="Restando: 53" classname="CalculadoraTest1" time="0.0"/>
  <testcase name="Restando: 54" classname="CalculadoraTest1" time="0.0"/>
  <testcase name="Restando: 55" classname="CalculadoraTest1" time="0.0"/>
  <testcase name="Restando: 56" classname="CalculadoraTest1" time="0.0"/>
  <testcase name="Restando: 57" classname="CalculadoraTest1" time="0.0"/>
  <testcase name="Restando: 58" classname="CalculadoraTest1" time="0.0"/>
  <testcase name="Restando: 59" classname="CalculadoraTest1" time="0.0"/>
  <testcase name="Restando: 60" classname="CalculadoraTest1" time="0.0"/>
  <testcase name="Restando: 61" classname="CalculadoraTest1" time="0.001"/>
  <testcase name="Restando: 62" classname="CalculadoraTest1" time="0.0"/>
  <testcase name="Restando: 63" classname="CalculadoraTest1" time="0.0"/>
  <testcase name="Restando: 64" classname="CalculadoraTest1" time="0.0"/>
  <testcase name="Restando: 65" classname="CalculadoraTest1" time="0.0"/>
  <testcase name="Restando: 66" classname="CalculadoraTest1" time="0.0"/>
  <testcase name="Restando: 67" classname="CalculadoraTest1" time="0.0"/>
  <testcase name="Restando: 68" classname="CalculadoraTest1" time="0.0"/>
  <testcase name="Restando: 69" classname="CalculadoraTest1" time="0.0"/>
  <testcase name="Restando: 70" classname="CalculadoraTest1" time="0.0"/>
  <testcase name="Restando: 71" classname="CalculadoraTest1" time="0.0"/>
  <testcase name="Restando: 72" classname="CalculadoraTest1" time="0.0"/>
  <testcase name="Restando: 73" classname="CalculadoraTest1" time="0.0"/>
  <testcase name="Restando: 74" classname="CalculadoraTest1" time="0.0"/>
  <testcase name="Restando: 75" classname="CalculadoraTest1" time="0.001"/>
  <testcase name="Restando: 76" classname="CalculadoraTest1" time="0.0"/>
  <testcase name="Restando: 77" classname="CalculadoraTest1" time="0.0"/>
  <testcase name="Restando: 78" classname="CalculadoraTest1" time="0.001"/>
  <testcase name="Restando: 79" classname="CalculadoraTest1" time="0.0"/>
  <testcase name="Restando: 80" classname="CalculadoraTest1" time="0.0"/>
  <testcase name="Restando: 81" classname="CalculadoraTest1" time="0.0"/>
  <testcase name="Restando: 82" classname="CalculadoraTest1" time="0.0"/>
  <testcase name="Restando: 83" classname="CalculadoraTest1" time="0.0"/>
  <testcase name="Restando: 84" classname="CalculadoraTest1" time="0.0"/>
  <testcase name="Restando: 85" classname="CalculadoraTest1" time="0.0"/>
  <testcase name="Restando: 86" classname="CalculadoraTest1" time="0.0"/>
  <testcase name="Restando: 87" classname="CalculadoraTest1" time="0.0"/>
  <testcase name="Restando: 88" classname="CalculadoraTest1" time="0.0"/>
  <testcase name="Restando: 89" classname="CalculadoraTest1" time="0.0"/>
  <testcase name="Restando: 90" classname="CalculadoraTest1" time="0.0"/>
  <testcase name="Restando: 91" classname="CalculadoraTest1" time="0.0"/>
  <testcase name="Restando: 92" classname="CalculadoraTest1" time="0.0"/>
  <testcase name="Restando: 93" classname="CalculadoraTest1" time="0.0"/>
  <testcase name="Restando: 94" classname="CalculadoraTest1" time="0.0"/>
  <testcase name="Restando: 95" classname="CalculadoraTest1" time="0.0"/>
  <testcase name="Restando: 96" classname="CalculadoraTest1" time="0.0"/>
  <testcase name="Restando: 97" classname="CalculadoraTest1" time="0.0"/>
  <testcase name="Restando: 98" classname="CalculadoraTest1" time="0.0"/>
  <testcase name="Restando: 99" classname="CalculadoraTest1" time="0.0"/>
  <testcase name="Restando: 100" classname="CalculadoraTest1" time="0.001"/>
  <testcase name="Restando: 101" classname="CalculadoraTest1" time="0.0"/>
  <testcase name="Restando: 102" classname="CalculadoraTest1" time="0.0"/>
  <testcase name="Restando: 103" classname="CalculadoraTest1" time="0.0"/>
  <testcase name="Restando: 104" classname="CalculadoraTest1" time="0.0"/>
  <testcase name="Restando: 105" classname="CalculadoraTest1" time="0.0"/>
  <testcase name="Restando: 106" classname="CalculadoraTest1" time="0.0"/>
  <testcase name="Restando: 107" classname="CalculadoraTest1" time="0.0"/>
  <testcase name="Restando: 108" classname="CalculadoraTest1" time="0.0"/>
  <testcase name="Restando: 109" classname="CalculadoraTest1" time="0.0"/>
  <testcase name="Restando: 110" classname="CalculadoraTest1" time="0.0"/>
  <testcase name="Restando: 111" classname="CalculadoraTest1" time="0.0"/>
  <testcase name="Restando: 112" classname="CalculadoraTest1" time="0.0"/>
  <testcase name="Restando: 113" classname="CalculadoraTest1" time="0.0"/>
  <testcase name="Restando: 114" classname="CalculadoraTest1" time="0.001"/>
  <testcase name="Restando: 115" classname="CalculadoraTest1" time="0.0"/>
  <testcase name="Restando: 116" classname="CalculadoraTest1" time="0.0"/>
  <testcase name="Restando: 117" classname="CalculadoraTest1" time="0.001"/>
  <testcase name="Restando: 118" classname="CalculadoraTest1" time="0.0"/>
  <testcase name="Restando: 119" classname="CalculadoraTest1" time="0.0"/>
  <testcase name="Restando: 120" classname="CalculadoraTest1" time="0.0"/>
  <testcase name="Restando: 121" classname="CalculadoraTest1" time="0.0"/>
  <testcase name="Restando: 122" classname="CalculadoraTest1" time="0.0"/>
  <testcase name="Restando: 123" classname="CalculadoraTest1" time="0.0"/>
  <testcase name="Restando: 124" classname="CalculadoraTest1" time="0.0"/>
  <testcase name="Restando: 125" classname="CalculadoraTest1" time="0.0"/>
  <testcase name="Restando: 126" classname="CalculadoraTest1" time="0.001"/>
  <testcase name="Restando: 127" classname="CalculadoraTest1" time="0.0"/>
  <testcase name="Restando: 128" classname="CalculadoraTest1" time="0.0"/>
  <testcase name="Restando: 129" classname="CalculadoraTest1" time="0.0"/>
  <testcase name="Restando: 130" classname="CalculadoraTest1" time="0.0"/>
  <testcase name="Restando: 131" classname="CalculadoraTest1" time="0.0"/>
  <testcase name="Restando: 132" classname="CalculadoraTest1" time="0.0"/>
  <testcase name="Restando: 133" classname="CalculadoraTest1" time="0.0"/>
  <testcase name="Restando: 134" classname="CalculadoraTest1" time="0.0"/>
  <testcase name="Restando: 135" classname="CalculadoraTest1" time="0.0"/>
  <testcase name="Restando: 136" classname="CalculadoraTest1" time="0.0"/>
  <testcase name="Restando: 137" classname="CalculadoraTest1" time="0.0"/>
  <testcase name="Restando: 138" classname="CalculadoraTest1" time="0.0"/>
  <testcase name="Restando: 139" classname="CalculadoraTest1" time="0.0"/>
  <testcase name="Restando: 140" classname="CalculadoraTest1" time="0.001"/>
  <testcase name="Restando: 141" classname="CalculadoraTest1" time="0.0"/>
  <testcase name="Restando: 142" classname="CalculadoraTest1" time="0.001"/>
  <testcase name="Restando: 143" classname="CalculadoraTest1" time="0.0"/>
  <testcase name="Restando: 144" classname="CalculadoraTest1" time="0.0"/>
  <testcase name="Restando: 145" classname="CalculadoraTest1" time="0.0"/>
  <testcase name="Restando: 146" classname="CalculadoraTest1" time="0.0"/>
  <testcase name="Restando: 147" classname="CalculadoraTest1" time="0.0"/>
  <testcase name="Restando: 148" classname="CalculadoraTest1" time="0.0"/>
  <testcase name="Restando: 149" classname="CalculadoraTest1" time="0.0"/>
  <testcase name="Restando: 150" classname="CalculadoraTest1" time="0.0"/>
  <testcase name="Restando: 151" classname="CalculadoraTest1" time="0.0"/>
  <testcase name="Restando: 152" classname="CalculadoraTest1" time="0.0"/>
  <testcase name="Restando: 153" classname="CalculadoraTest1" time="0.0"/>
  <testcase name="Restando: 154" classname="CalculadoraTest1" time="0.0"/>
  <testcase name="Restando: 155" classname="CalculadoraTest1" time="0.0"/>
  <testcase name="Restando: 156" classname="CalculadoraTest1" time="0.0"/>
  <testcase name="Restando: 157" classname="CalculadoraTest1" time="0.0"/>
  <testcase name="Restando: 158" classname="CalculadoraTest1" time="0.0"/>
  <testcase name="Restando: 159" classname="CalculadoraTest1" time="0.001"/>
  <testcase name="Restando: 160" classname="CalculadoraTest1" time="0.0"/>
  <testcase name="Restando: 161" classname="CalculadoraTest1" time="0.0"/>
  <testcase name="Restando: 162" classname="CalculadoraTest1" time="0.0"/>
  <testcase name="Restando: 163" classname="CalculadoraTest1" time="0.0"/>
  <testcase name="Restando: 164" classname="CalculadoraTest1" time="0.0"/>
  <testcase name="Restando: 165" classname="CalculadoraTest1" time="0.0"/>
  <testcase name="Restando: 166" classname="CalculadoraTest1" time="0.0"/>
  <testcase name="Restando: 167" classname="CalculadoraTest1" time="0.0"/>
  <testcase name="Restando: 168" classname="CalculadoraTest1" time="0.0"/>
  <testcase name="Restando: 169" classname="CalculadoraTest1" time="0.0"/>
  <testcase name="Restando: 170" classname="CalculadoraTest1" time="0.0"/>
  <testcase name="Restando: 171" classname="CalculadoraTest1" time="0.0"/>
  <testcase name="Restando: 172" classname="CalculadoraTest1" time="0.0"/>
  <testcase name="Restando: 173" classname="CalculadoraTest1" time="0.0"/>
  <testcase name="Restando: 174" classname="CalculadoraTest1" time="0.0"/>
  <testcase name="Restando: 175" classname="CalculadoraTest1" time="0.0"/>
  <testcase name="Restando: 176" classname="CalculadoraTest1" time="0.001"/>
  <testcase name="Restando: 177" classname="CalculadoraTest1" time="0.0"/>
  <testcase name="Restando: 178" classname="CalculadoraTest1" time="0.0"/>
  <testcase name="Restando: 179" classname="CalculadoraTest1" time="0.001"/>
  <testcase name="Restando: 180" classname="CalculadoraTest1" time="0.0"/>
  <testcase name="Restando: 181" classname="CalculadoraTest1" time="0.0"/>
  <testcase name="Restando: 182" classname="CalculadoraTest1" time="0.0"/>
  <testcase name="Restando: 183" classname="CalculadoraTest1" time="0.0"/>
  <testcase name="Restando: 184" classname="CalculadoraTest1" time="0.0"/>
  <testcase name="Restando: 185" classname="CalculadoraTest1" time="0.0"/>
  <testcase name="Restando: 186" classname="CalculadoraTest1" time="0.0"/>
  <testcase name="Restando: 187" classname="CalculadoraTest1" time="0.0"/>
  <testcase name="Restando: 188" classname="CalculadoraTest1" time="0.0"/>
  <testcase name="Restando: 189" classname="CalculadoraTest1" time="0.0"/>
  <testcase name="Restando: 190" classname="CalculadoraTest1" time="0.0"/>
  <testcase name="Restando: 191" classname="CalculadoraTest1" time="0.0"/>
  <testcase name="Restando: 192" classname="CalculadoraTest1" time="0.0"/>
  <testcase name="Restando: 193" classname="CalculadoraTest1" time="0.0"/>
  <testcase name="Restando: 194" classname="CalculadoraTest1" time="0.0"/>
  <testcase name="Restando: 195" classname="CalculadoraTest1" time="0.0"/>
  <testcase name="Restando: 196" classname="CalculadoraTest1" time="0.0"/>
  <testcase name="Restando: 197" classname="CalculadoraTest1" time="0.001"/>
  <testcase name="Restando: 198" classname="CalculadoraTest1" time="0.0"/>
  <testcase name="Restando: 199" classname="CalculadoraTest1" time="0.0"/>
  <testcase name="Restando: 200" classname="CalculadoraTest1" time="0.0"/>
  <testcase name="Restando: 201" classname="CalculadoraTest1" time="0.001"/>
  <testcase name="Restando: 202" classname="CalculadoraTest1" time="0.0"/>
  <testcase name="Restando: 203" classname="CalculadoraTest1" time="0.0"/>
  <testcase name="Restando: 204" classname="CalculadoraTest1" time="0.0"/>
  <testcase name="Restando: 205" classname="CalculadoraTest1" time="0.001"/>
  <testcase name="Restando: 206" classname="CalculadoraTest1" time="0.0"/>
  <testcase name="Restando: 207" classname="CalculadoraTest1" time="0.0"/>
  <testcase name="Restando: 208" classname="CalculadoraTest1" time="0.0"/>
  <testcase name="Restando: 209" classname="CalculadoraTest1" time="0.0"/>
  <testcase name="Restando: 210" classname="CalculadoraTest1" time="0.0"/>
  <testcase name="Restando: 211" classname="CalculadoraTest1" time="0.0"/>
  <testcase name="Restando: 212" classname="CalculadoraTest1" time="0.0"/>
  <testcase name="Restando: 213" classname="CalculadoraTest1" time="0.0"/>
  <testcase name="Restando: 214" classname="CalculadoraTest1" time="0.0"/>
  <testcase name="Restando: 215" classname="CalculadoraTest1" time="0.0"/>
  <testcase name="Restando: 216" classname="CalculadoraTest1" time="0.0"/>
  <testcase name="Restando: 217" classname="CalculadoraTest1" time="0.001"/>
  <testcase name="Restando: 218" classname="CalculadoraTest1" time="0.0"/>
  <testcase name="Restando: 219" classname="CalculadoraTest1" time="0.0"/>
  <testcase name="Restando: 220" classname="CalculadoraTest1" time="0.001"/>
  <testcase name="Restando: 221" classname="CalculadoraTest1" time="0.0"/>
  <testcase name="Restando: 222" classname="CalculadoraTest1" time="0.0"/>
  <testcase name="Restando: 223" classname="CalculadoraTest1" time="0.0"/>
  <testcase name="Restando: 224" classname="CalculadoraTest1" time="0.0"/>
  <testcase name="Restando: 225" classname="CalculadoraTest1" time="0.0"/>
  <testcase name="Restando: 226" classname="CalculadoraTest1" time="0.0"/>
  <testcase name="Restando: 227" classname="CalculadoraTest1" time="0.0"/>
  <testcase name="Restando: 228" classname="CalculadoraTest1" time="0.0"/>
  <testcase name="Restando: 229" classname="CalculadoraTest1" time="0.0"/>
  <testcase name="Restando: 230" classname="CalculadoraTest1" time="0.002"/>
  <testcase name="Restando: 231" classname="CalculadoraTest1" time="0.001"/>
  <testcase name="Restando: 232" classname="CalculadoraTest1" time="0.0"/>
  <testcase name="Restando: 233" classname="CalculadoraTest1" time="0.0"/>
  <testcase name="Restando: 234" classname="CalculadoraTest1" time="0.0"/>
  <testcase name="Restando: 235" classname="CalculadoraTest1" time="0.0"/>
  <testcase name="Restando: 236" classname="CalculadoraTest1" time="0.0"/>
  <testcase name="Restando: 237" classname="CalculadoraTest1" time="0.0"/>
  <testcase name="Restando: 238" classname="CalculadoraTest1" time="0.0"/>
  <testcase name="Restando: 239" classname="CalculadoraTest1" time="0.0"/>
  <testcase name="Restando: 240" classname="CalculadoraTest1" time="0.0"/>
  <testcase name="Restando: 241" classname="CalculadoraTest1" time="0.0"/>
  <testcase name="Restando: 242" classname="CalculadoraTest1" time="0.0"/>
  <testcase name="Restando: 243" classname="CalculadoraTest1" time="0.0"/>
  <testcase name="Restando: 244" classname="CalculadoraTest1" time="0.0"/>
  <testcase name="Restando: 245" classname="CalculadoraTest1" time="0.0"/>
  <testcase name="Restando: 246" classname="CalculadoraTest1" time="0.0"/>
  <testcase name="Restando: 247" classname="CalculadoraTest1" time="0.0"/>
  <testcase name="Restando: 248" classname="CalculadoraTest1" time="0.0"/>
  <testcase name="Restando: 249" classname="CalculadoraTest1" time="0.0"/>
  <testcase name="Restando: 250" classname="CalculadoraTest1" time="0.0"/>
  <testcase name="Restando: 251" classname="CalculadoraTest1" time="0.001"/>
  <testcase name="Restando: 252" classname="CalculadoraTest1" time="0.0"/>
  <testcase name="Restando: 253" classname="CalculadoraTest1" time="0.0"/>
  <testcase name="Restando: 254" classname="CalculadoraTest1" time="0.001"/>
  <testcase name="Restando: 255" classname="CalculadoraTest1" time="0.0"/>
  <testcase name="Restando: 256" classname="CalculadoraTest1" time="0.0"/>
  <testcase name="Restando: 257" classname="CalculadoraTest1" time="0.0"/>
  <testcase name="Restando: 258" classname="CalculadoraTest1" time="0.0"/>
  <testcase name="Restando: 259" classname="CalculadoraTest1" time="0.0"/>
  <testcase name="Restando: 260" classname="CalculadoraTest1" time="0.0"/>
  <testcase name="Restando: 261" classname="CalculadoraTest1" time="0.0"/>
  <testcase name="Restando: 262" classname="CalculadoraTest1" time="0.0"/>
  <testcase name="Restando: 263" classname="CalculadoraTest1" time="0.0"/>
  <testcase name="Restando: 264" classname="CalculadoraTest1" time="0.0"/>
  <testcase name="Restando: 265" classname="CalculadoraTest1" time="0.0"/>
  <testcase name="Restando: 266" classname="CalculadoraTest1" time="0.0"/>
  <testcase name="Restando: 267" classname="CalculadoraTest1" time="0.0"/>
  <testcase name="Restando: 268" classname="CalculadoraTest1" time="0.0"/>
  <testcase name="Restando: 269" classname="CalculadoraTest1" time="0.0"/>
  <testcase name="Restando: 270" classname="CalculadoraTest1" time="0.0"/>
  <testcase name="Restando: 271" classname="CalculadoraTest1" time="0.0"/>
  <testcase name="Restando: 272" classname="CalculadoraTest1" time="0.0"/>
  <testcase name="Restando: 273" classname="CalculadoraTest1" time="0.0"/>
  <testcase name="Restando: 274" classname="CalculadoraTest1" time="0.0"/>
  <testcase name="Restando: 275" classname="CalculadoraTest1" time="0.0"/>
  <testcase name="Restando: 276" classname="CalculadoraTest1" time="0.0"/>
  <testcase name="Restando: 277" classname="CalculadoraTest1" time="0.0"/>
  <testcase name="Restando: 278" classname="CalculadoraTest1" time="0.0"/>
  <testcase name="Restando: 279" classname="CalculadoraTest1" time="0.0"/>
  <testcase name="Restando: 280" classname="CalculadoraTest1" time="0.0"/>
  <testcase name="Restando: 281" classname="CalculadoraTest1" time="0.0"/>
  <testcase name="Restando: 282" classname="CalculadoraTest1" time="0.0"/>
  <testcase name="Restando: 283" classname="CalculadoraTest1" time="0.0"/>
  <testcase name="Restando: 284" classname="CalculadoraTest1" time="0.001"/>
  <testcase name="Restando: 285" classname="CalculadoraTest1" time="0.0"/>
  <testcase name="Restando: 286" classname="CalculadoraTest1" time="0.0"/>
  <testcase name="Restando: 287" classname="CalculadoraTest1" time="0.0"/>
  <testcase name="Restando: 288" classname="CalculadoraTest1" time="0.0"/>
  <testcase name="Restando: 289" classname="CalculadoraTest1" time="0.0"/>
  <testcase name="Restando: 290" classname="CalculadoraTest1" time="0.0"/>
  <testcase name="Restando: 291" classname="CalculadoraTest1" time="0.0"/>
  <testcase name="Restando: 292" classname="CalculadoraTest1" time="0.0"/>
  <testcase name="Restando: 293" classname="CalculadoraTest1" time="0.0"/>
  <testcase name="Restando: 294" classname="CalculadoraTest1" time="0.0"/>
  <testcase name="Restando: 295" classname="CalculadoraTest1" time="0.0"/>
  <testcase name="Restando: 296" classname="CalculadoraTest1" time="0.0"/>
  <testcase name="Restando: 297" classname="CalculadoraTest1" time="0.0"/>
  <testcase name="Restando: 298" classname="CalculadoraTest1" time="0.0"/>
  <testcase name="Restando: 299" classname="CalculadoraTest1" time="0.0"/>
  <testcase name="Restando: 300" classname="CalculadoraTest1" time="0.0"/>
  <testcase name="Restando: 301" classname="CalculadoraTest1" time="0.0"/>
  <testcase name="Restando: 302" classname="CalculadoraTest1" time="0.0"/>
  <testcase name="Restando: 303" classname="CalculadoraTest1" time="0.0"/>
  <testcase name="Restando: 304" classname="CalculadoraTest1" time="0.0"/>
  <testcase name="Restando: 305" classname="CalculadoraTest1" time="0.0"/>
  <testcase name="Restando: 306" classname="CalculadoraTest1" time="0.001"/>
  <testcase name="Restando: 307" classname="CalculadoraTest1" time="0.0"/>
  <testcase name="Restando: 308" classname="CalculadoraTest1" time="0.0"/>
  <testcase name="Restando: 309" classname="CalculadoraTest1" time="0.0"/>
  <testcase name="Restando: 310" classname="CalculadoraTest1" time="0.001"/>
  <testcase name="Restando: 311" classname="CalculadoraTest1" time="0.001"/>
  <testcase name="Restando: 312" classname="CalculadoraTest1" time="0.0"/>
  <testcase name="Restando: 313" classname="CalculadoraTest1" time="0.001"/>
  <testcase name="Restando: 314" classname="CalculadoraTest1" time="0.001"/>
  <testcase name="Restando: 315" classname="CalculadoraTest1" time="0.0"/>
  <testcase name="Restando: 316" classname="CalculadoraTest1" time="0.0"/>
  <testcase name="Restando: 317" classname="CalculadoraTest1" time="0.0"/>
  <testcase name="Restando: 318" classname="CalculadoraTest1" time="0.0"/>
  <testcase name="Restando: 319" classname="CalculadoraTest1" time="0.0"/>
  <testcase name="Restando: 320" classname="CalculadoraTest1" time="0.001"/>
  <testcase name="Restando: 321" classname="CalculadoraTest1" time="0.0"/>
  <testcase name="Restando: 322" classname="CalculadoraTest1" time="0.0"/>
  <testcase name="Restando: 323" classname="CalculadoraTest1" time="0.0"/>
  <testcase name="Restando: 324" classname="CalculadoraTest1" time="0.0"/>
  <testcase name="Restando: 325" classname="CalculadoraTest1" time="0.0"/>
  <testcase name="Restando: 326" classname="CalculadoraTest1" time="0.0"/>
  <testcase name="Restando: 327" classname="CalculadoraTest1" time="0.0"/>
  <testcase name="Restando: 328" classname="CalculadoraTest1" time="0.0"/>
  <testcase name="Restando: 329" classname="CalculadoraTest1" time="0.0"/>
  <testcase name="Restando: 330" classname="CalculadoraTest1" time="0.0"/>
  <testcase name="Restando: 331" classname="CalculadoraTest1" time="0.0"/>
  <testcase name="Restando: 332" classname="CalculadoraTest1" time="0.0"/>
  <testcase name="Restando: 333" classname="CalculadoraTest1" time="0.0"/>
  <testcase name="Restando: 334" classname="CalculadoraTest1" time="0.0"/>
  <testcase name="Restando: 335" classname="CalculadoraTest1" time="0.0"/>
  <testcase name="Restando: 336" classname="CalculadoraTest1" time="0.0"/>
  <testcase name="Restando: 337" classname="CalculadoraTest1" time="0.0"/>
  <testcase name="Restando: 338" classname="CalculadoraTest1" time="0.0"/>
  <testcase name="Restando: 339" classname="CalculadoraTest1" time="0.0"/>
  <testcase name="Restando: 340" classname="CalculadoraTest1" time="0.0"/>
  <testcase name="Restando: 341" classname="CalculadoraTest1" time="0.001"/>
  <testcase name="Restando: 342" classname="CalculadoraTest1" time="0.0"/>
  <testcase name="Restando: 343" classname="CalculadoraTest1" time="0.0"/>
  <testcase name="Restando: 344" classname="CalculadoraTest1" time="0.0"/>
  <testcase name="Restando: 345" classname="CalculadoraTest1" time="0.0"/>
  <testcase name="Restando: 346" classname="CalculadoraTest1" time="0.0"/>
  <testcase name="Restando: 347" classname="CalculadoraTest1" time="0.0"/>
  <testcase name="Restando: 348" classname="CalculadoraTest1" time="0.0"/>
  <testcase name="Restando: 349" classname="CalculadoraTest1" time="0.0"/>
  <testcase name="Restando: 350" classname="CalculadoraTest1" time="0.0"/>
  <testcase name="Restando: 351" classname="CalculadoraTest1" time="0.0"/>
  <testcase name="Restando: 352" classname="CalculadoraTest1" time="0.0"/>
  <testcase name="Restando: 353" classname="CalculadoraTest1" time="0.0"/>
  <testcase name="Restando: 354" classname="CalculadoraTest1" time="0.0"/>
  <testcase name="Restando: 355" classname="CalculadoraTest1" time="0.0"/>
  <testcase name="Restando: 356" classname="CalculadoraTest1" time="0.0"/>
  <testcase name="Restando: 357" classname="CalculadoraTest1" time="0.0"/>
  <testcase name="Restando: 358" classname="CalculadoraTest1" time="0.0"/>
  <testcase name="Restando: 359" classname="CalculadoraTest1" time="0.0"/>
  <testcase name="Restando: 360" classname="CalculadoraTest1" time="0.0"/>
  <testcase name="Restando: 361" classname="CalculadoraTest1" time="0.0"/>
  <testcase name="Restando: 362" classname="CalculadoraTest1" time="0.0"/>
  <testcase name="Restando: 363" classname="CalculadoraTest1" time="0.0"/>
  <testcase name="Restando: 364" classname="CalculadoraTest1" time="0.0"/>
  <testcase name="Restando: 365" classname="CalculadoraTest1" time="0.0"/>
  <testcase name="Restando: 366" classname="CalculadoraTest1" time="0.0"/>
  <testcase name="Restando: 367" classname="CalculadoraTest1" time="0.0"/>
  <testcase name="Restando: 368" classname="CalculadoraTest1" time="0.0"/>
  <testcase name="Restando: 369" classname="CalculadoraTest1" time="0.001"/>
  <testcase name="Restando: 370" classname="CalculadoraTest1" time="0.001"/>
  <testcase name="Restando: 371" classname="CalculadoraTest1" time="0.0"/>
  <testcase name="Restando: 372" classname="CalculadoraTest1" time="0.0"/>
  <testcase name="Restando: 373" classname="CalculadoraTest1" time="0.0"/>
  <testcase name="Restando: 374" classname="CalculadoraTest1" time="0.0"/>
  <testcase name="Restando: 375" classname="CalculadoraTest1" time="0.0"/>
  <testcase name="Restando: 376" classname="CalculadoraTest1" time="0.0"/>
  <testcase name="Restando: 377" classname="CalculadoraTest1" time="0.001"/>
  <testcase name="Restando: 378" classname="CalculadoraTest1" time="0.0"/>
  <testcase name="Restando: 379" classname="CalculadoraTest1" time="0.0"/>
  <testcase name="Restando: 380" classname="CalculadoraTest1" time="0.0"/>
  <testcase name="Restando: 381" classname="CalculadoraTest1" time="0.0"/>
  <testcase name="Restando: 382" classname="CalculadoraTest1" time="0.007"/>
  <testcase name="Restando: 383" classname="CalculadoraTest1" time="0.0"/>
  <testcase name="Restando: 384" classname="CalculadoraTest1" time="0.0"/>
  <testcase name="Restando: 385" classname="CalculadoraTest1" time="0.0"/>
  <testcase name="Restando: 386" classname="CalculadoraTest1" time="0.0"/>
  <testcase name="Restando: 387" classname="CalculadoraTest1" time="0.0"/>
  <testcase name="Restando: 388" classname="CalculadoraTest1" time="0.0"/>
  <testcase name="Restando: 389" classname="CalculadoraTest1" time="0.0"/>
  <testcase name="Restando: 390" classname="CalculadoraTest1" time="0.0"/>
  <testcase name="Restando: 391" classname="CalculadoraTest1" time="0.0"/>
  <testcase name="Restando: 392" classname="CalculadoraTest1" time="0.0"/>
  <testcase name="Restando: 393" classname="CalculadoraTest1" time="0.0"/>
  <testcase name="Restando: 394" classname="CalculadoraTest1" time="0.0"/>
  <testcase name="Restando: 395" classname="CalculadoraTest1" time="0.0"/>
  <testcase name="Restando: 396" classname="CalculadoraTest1" time="0.0"/>
  <testcase name="Restando: 397" classname="CalculadoraTest1" time="0.0"/>
  <testcase name="Restando: 398" classname="CalculadoraTest1" time="0.0"/>
  <testcase name="Restando: 399" classname="CalculadoraTest1" time="0.0"/>
  <testcase name="Restando: 400" classname="CalculadoraTest1" time="0.0"/>
  <testcase name="Restando: 401" classname="CalculadoraTest1" time="0.0"/>
  <testcase name="Restando: 402" classname="CalculadoraTest1" time="0.0"/>
  <testcase name="Restando: 403" classname="CalculadoraTest1" time="0.0"/>
  <testcase name="Restando: 404" classname="CalculadoraTest1" time="0.0"/>
  <testcase name="Restando: 405" classname="CalculadoraTest1" time="0.0"/>
  <testcase name="Restando: 406" classname="CalculadoraTest1" time="0.0"/>
  <testcase name="Restando: 407" classname="CalculadoraTest1" time="0.0"/>
  <testcase name="Restando: 408" classname="CalculadoraTest1" time="0.0"/>
  <testcase name="Restando: 409" classname="CalculadoraTest1" time="0.0"/>
  <testcase name="Restando: 410" classname="CalculadoraTest1" time="0.0"/>
  <testcase name="Restando: 411" classname="CalculadoraTest1" time="0.0"/>
  <testcase name="Restando: 412" classname="CalculadoraTest1" time="0.0"/>
  <testcase name="Restando: 413" classname="CalculadoraTest1" time="0.0"/>
  <testcase name="Restando: 414" classname="CalculadoraTest1" time="0.0"/>
  <testcase name="Restando: 415" classname="CalculadoraTest1" time="0.0"/>
  <testcase name="Restando: 416" classname="CalculadoraTest1" time="0.0"/>
  <testcase name="Restando: 417" classname="CalculadoraTest1" time="0.0"/>
  <testcase name="Restando: 418" classname="CalculadoraTest1" time="0.0"/>
  <testcase name="Restando: 419" classname="CalculadoraTest1" time="0.0"/>
  <testcase name="Restando: 420" classname="CalculadoraTest1" time="0.0"/>
  <testcase name="Restando: 421" classname="CalculadoraTest1" time="0.0"/>
  <testcase name="Restando: 422" classname="CalculadoraTest1" time="0.001"/>
  <testcase name="Restando: 423" classname="CalculadoraTest1" time="0.0"/>
  <testcase name="Restando: 424" classname="CalculadoraTest1" time="0.0"/>
  <testcase name="Restando: 425" classname="CalculadoraTest1" time="0.0"/>
  <testcase name="Restando: 426" classname="CalculadoraTest1" time="0.0"/>
  <testcase name="Restando: 427" classname="CalculadoraTest1" time="0.0"/>
  <testcase name="Restando: 428" classname="CalculadoraTest1" time="0.0"/>
  <testcase name="Restando: 429" classname="CalculadoraTest1" time="0.0"/>
  <testcase name="Restando: 430" classname="CalculadoraTest1" time="0.0"/>
  <testcase name="Restando: 431" classname="CalculadoraTest1" time="0.0"/>
  <testcase name="Restando: 432" classname="CalculadoraTest1" time="0.0"/>
  <testcase name="Restando: 433" classname="CalculadoraTest1" time="0.0"/>
  <testcase name="Restando: 434" classname="CalculadoraTest1" time="0.0"/>
  <testcase name="Restando: 435" classname="CalculadoraTest1" time="0.0"/>
  <testcase name="Restando: 436" classname="CalculadoraTest1" time="0.0"/>
  <testcase name="Restando: 437" classname="CalculadoraTest1" time="0.0"/>
  <testcase name="Restando: 438" classname="CalculadoraTest1" time="0.0"/>
  <testcase name="Restando: 439" classname="CalculadoraTest1" time="0.0"/>
  <testcase name="Restando: 440" classname="CalculadoraTest1" time="0.0"/>
  <testcase name="Restando: 441" classname="CalculadoraTest1" time="0.0"/>
  <testcase name="Restando: 442" classname="CalculadoraTest1" time="0.0"/>
  <testcase name="Restando: 443" classname="CalculadoraTest1" time="0.0"/>
  <testcase name="Restando: 444" classname="CalculadoraTest1" time="0.001"/>
  <testcase name="Restando: 445" classname="CalculadoraTest1" time="0.0"/>
  <testcase name="Restando: 446" classname="CalculadoraTest1" time="0.0"/>
  <testcase name="Restando: 447" classname="CalculadoraTest1" time="0.0"/>
  <testcase name="Restando: 448" classname="CalculadoraTest1" time="0.001"/>
  <testcase name="Restando: 449" classname="CalculadoraTest1" time="0.0"/>
  <testcase name="Restando: 450" classname="CalculadoraTest1" time="0.0"/>
  <testcase name="Restando: 451" classname="CalculadoraTest1" time="0.0"/>
  <testcase name="Restando: 452" classname="CalculadoraTest1" time="0.0"/>
  <testcase name="Restando: 453" classname="CalculadoraTest1" time="0.0"/>
  <testcase name="Restando: 454" classname="CalculadoraTest1" time="0.001"/>
  <testcase name="Restando: 455" classname="CalculadoraTest1" time="0.0"/>
  <testcase name="Restando: 456" classname="CalculadoraTest1" time="0.0"/>
  <testcase name="Restando: 457" classname="CalculadoraTest1" time="0.0"/>
  <testcase name="Restando: 458" classname="CalculadoraTest1" time="0.0"/>
  <testcase name="Restando: 459" classname="CalculadoraTest1" time="0.0"/>
  <testcase name="Restando: 460" classname="CalculadoraTest1" time="0.0"/>
  <testcase name="Restando: 461" classname="CalculadoraTest1" time="0.001"/>
  <testcase name="Restando: 462" classname="CalculadoraTest1" time="0.0"/>
  <testcase name="Restando: 463" classname="CalculadoraTest1" time="0.0"/>
  <testcase name="Restando: 464" classname="CalculadoraTest1" time="0.0"/>
  <testcase name="Restando: 465" classname="CalculadoraTest1" time="0.0"/>
  <testcase name="Restando: 466" classname="CalculadoraTest1" time="0.001"/>
  <testcase name="Restando: 467" classname="CalculadoraTest1" time="0.0"/>
  <testcase name="Restando: 468" classname="CalculadoraTest1" time="0.0"/>
  <testcase name="Restando: 469" classname="CalculadoraTest1" time="0.001"/>
  <testcase name="Restando: 470" classname="CalculadoraTest1" time="0.0"/>
  <testcase name="Restando: 471" classname="CalculadoraTest1" time="0.0"/>
  <testcase name="Restando: 472" classname="CalculadoraTest1" time="0.001"/>
  <testcase name="Restando: 473" classname="CalculadoraTest1" time="0.0"/>
  <testcase name="Restando: 474" classname="CalculadoraTest1" time="0.006"/>
  <testcase name="Restando: 475" classname="CalculadoraTest1" time="0.001"/>
  <testcase name="Restando: 476" classname="CalculadoraTest1" time="0.0"/>
  <testcase name="Restando: 477" classname="CalculadoraTest1" time="0.0"/>
  <testcase name="Restando: 478" classname="CalculadoraTest1" time="0.0"/>
  <testcase name="Restando: 479" classname="CalculadoraTest1" time="0.0"/>
  <testcase name="Restando: 480" classname="CalculadoraTest1" time="0.0"/>
  <testcase name="Restando: 481" classname="CalculadoraTest1" time="0.001"/>
  <testcase name="Restando: 482" classname="CalculadoraTest1" time="0.0"/>
  <testcase name="Restando: 483" classname="CalculadoraTest1" time="0.0"/>
  <testcase name="Restando: 484" classname="CalculadoraTest1" time="0.0"/>
  <testcase name="Restando: 485" classname="CalculadoraTest1" time="0.0"/>
  <testcase name="Restando: 486" classname="CalculadoraTest1" time="0.0"/>
  <testcase name="Restando: 487" classname="CalculadoraTest1" time="0.0"/>
  <testcase name="Restando: 488" classname="CalculadoraTest1" time="0.0"/>
  <testcase name="Restando: 489" classname="CalculadoraTest1" time="0.0"/>
  <testcase name="Restando: 490" classname="CalculadoraTest1" time="0.0"/>
  <testcase name="Restando: 491" classname="CalculadoraTest1" time="0.0"/>
  <testcase name="Restando: 492" classname="CalculadoraTest1" time="0.0"/>
  <testcase name="Restando: 493" classname="CalculadoraTest1" time="0.001"/>
  <testcase name="Restando: 494" classname="CalculadoraTest1" time="0.0"/>
  <testcase name="Restando: 495" classname="CalculadoraTest1" time="0.0"/>
  <testcase name="Restando: 496" classname="CalculadoraTest1" time="0.0"/>
  <testcase name="Restando: 497" classname="CalculadoraTest1" time="0.0"/>
  <testcase name="Restando: 498" classname="CalculadoraTest1" time="0.0"/>
  <testcase name="Restando: 499" classname="CalculadoraTest1" time="0.0"/>
  <testcase name="Restando: 500" classname="CalculadoraTest1" time="0.001"/>
  <testcase name="Restando: 501" classname="CalculadoraTest1" time="0.0"/>
  <testcase name="Restando: 502" classname="CalculadoraTest1" time="0.0"/>
  <testcase name="Restando: 503" classname="CalculadoraTest1" time="0.0"/>
  <testcase name="Restando: 504" classname="CalculadoraTest1" time="0.0"/>
  <testcase name="Restando: 505" classname="CalculadoraTest1" time="0.0"/>
  <testcase name="Restando: 506" classname="CalculadoraTest1" time="0.0"/>
  <testcase name="Restando: 507" classname="CalculadoraTest1" time="0.0"/>
  <testcase name="Restando: 508" classname="CalculadoraTest1" time="0.0"/>
  <testcase name="Restando: 509" classname="CalculadoraTest1" time="0.0"/>
  <testcase name="Restando: 510" classname="CalculadoraTest1" time="0.0"/>
  <testcase name="Restando: 511" classname="CalculadoraTest1" time="0.0"/>
  <testcase name="Restando: 512" classname="CalculadoraTest1" time="0.0"/>
  <testcase name="Restando: 513" classname="CalculadoraTest1" time="0.0"/>
  <testcase name="Restando: 514" classname="CalculadoraTest1" time="0.0"/>
  <testcase name="Restando: 515" classname="CalculadoraTest1" time="0.0"/>
  <testcase name="Restando: 516" classname="CalculadoraTest1" time="0.0"/>
  <testcase name="Restando: 517" classname="CalculadoraTest1" time="0.0"/>
  <testcase name="Restando: 518" classname="CalculadoraTest1" time="0.0"/>
  <testcase name="Restando: 519" classname="CalculadoraTest1" time="0.0"/>
  <testcase name="Restando: 520" classname="CalculadoraTest1" time="0.0"/>
  <testcase name="Restando: 521" classname="CalculadoraTest1" time="0.0"/>
  <testcase name="Restando: 522" classname="CalculadoraTest1" time="0.0"/>
  <testcase name="Restando: 523" classname="CalculadoraTest1" time="0.0"/>
  <testcase name="Restando: 524" classname="CalculadoraTest1" time="0.0"/>
  <testcase name="Restando: 525" classname="CalculadoraTest1" time="0.0"/>
  <testcase name="Restando: 526" classname="CalculadoraTest1" time="0.001"/>
  <testcase name="Restando: 527" classname="CalculadoraTest1" time="0.001"/>
  <testcase name="Restando: 528" classname="CalculadoraTest1" time="0.0"/>
  <testcase name="Restando: 529" classname="CalculadoraTest1" time="0.0"/>
  <testcase name="Restando: 530" classname="CalculadoraTest1" time="0.0"/>
  <testcase name="Restando: 531" classname="CalculadoraTest1" time="0.0"/>
  <testcase name="Restando: 532" classname="CalculadoraTest1" time="0.0"/>
  <testcase name="Restando: 533" classname="CalculadoraTest1" time="0.0"/>
  <testcase name="Restando: 534" classname="CalculadoraTest1" time="0.0"/>
  <testcase name="Restando: 535" classname="CalculadoraTest1" time="0.0"/>
  <testcase name="Restando: 536" classname="CalculadoraTest1" time="0.001"/>
  <testcase name="Restando: 537" classname="CalculadoraTest1" time="0.0"/>
  <testcase name="Restando: 538" classname="CalculadoraTest1" time="0.0"/>
  <testcase name="Restando: 539" classname="CalculadoraTest1" time="0.0"/>
  <testcase name="Restando: 540" classname="CalculadoraTest1" time="0.0"/>
  <testcase name="Restando: 541" classname="CalculadoraTest1" time="0.0"/>
  <testcase name="Restando: 542" classname="CalculadoraTest1" time="0.0"/>
  <testcase name="Restando: 543" classname="CalculadoraTest1" time="0.0"/>
  <testcase name="Restando: 544" classname="CalculadoraTest1" time="0.0"/>
  <testcase name="Restando: 545" classname="CalculadoraTest1" time="0.0"/>
  <testcase name="Restando: 546" classname="CalculadoraTest1" time="0.0"/>
  <testcase name="Restando: 547" classname="CalculadoraTest1" time="0.0"/>
  <testcase name="Restando: 548" classname="CalculadoraTest1" time="0.0"/>
  <testcase name="Restando: 549" classname="CalculadoraTest1" time="0.0"/>
  <testcase name="Restando: 550" classname="CalculadoraTest1" time="0.0"/>
  <testcase name="Restando: 551" classname="CalculadoraTest1" time="0.0"/>
  <testcase name="Restando: 552" classname="CalculadoraTest1" time="0.0"/>
  <testcase name="Restando: 553" classname="CalculadoraTest1" time="0.0"/>
  <testcase name="Restando: 554" classname="CalculadoraTest1" time="0.0"/>
  <testcase name="Restando: 555" classname="CalculadoraTest1" time="0.0"/>
  <testcase name="Restando: 556" classname="CalculadoraTest1" time="0.0"/>
  <testcase name="Restando: 557" classname="CalculadoraTest1" time="0.0"/>
  <testcase name="Restando: 558" classname="CalculadoraTest1" time="0.0"/>
  <testcase name="Restando: 559" classname="CalculadoraTest1" time="0.0"/>
  <testcase name="Restando: 560" classname="CalculadoraTest1" time="0.0"/>
  <testcase name="Restando: 561" classname="CalculadoraTest1" time="0.0"/>
  <testcase name="Restando: 562" classname="CalculadoraTest1" time="0.0"/>
  <testcase name="Restando: 563" classname="CalculadoraTest1" time="0.0"/>
  <testcase name="Restando: 564" classname="CalculadoraTest1" time="0.0"/>
  <testcase name="Restando: 565" classname="CalculadoraTest1" time="0.0"/>
  <testcase name="Restando: 566" classname="CalculadoraTest1" time="0.0"/>
  <testcase name="Restando: 567" classname="CalculadoraTest1" time="0.0"/>
  <testcase name="Restando: 568" classname="CalculadoraTest1" time="0.0"/>
  <testcase name="Restando: 569" classname="CalculadoraTest1" time="0.0"/>
  <testcase name="Restando: 570" classname="CalculadoraTest1" time="0.0"/>
  <testcase name="Restando: 571" classname="CalculadoraTest1" time="0.0"/>
  <testcase name="Restando: 572" classname="CalculadoraTest1" time="0.0"/>
  <testcase name="Restando: 573" classname="CalculadoraTest1" time="0.0"/>
  <testcase name="Restando: 574" classname="CalculadoraTest1" time="0.003"/>
  <testcase name="Restando: 575" classname="CalculadoraTest1" time="0.0"/>
  <testcase name="Restando: 576" classname="CalculadoraTest1" time="0.0"/>
  <testcase name="Restando: 577" classname="CalculadoraTest1" time="0.0"/>
  <testcase name="Restando: 578" classname="CalculadoraTest1" time="0.0"/>
  <testcase name="Restando: 579" classname="CalculadoraTest1" time="0.0"/>
  <testcase name="Restando: 580" classname="CalculadoraTest1" time="0.0"/>
  <testcase name="Restando: 581" classname="CalculadoraTest1" time="0.0"/>
  <testcase name="Restando: 582" classname="CalculadoraTest1" time="0.0"/>
  <testcase name="Restando: 583" classname="CalculadoraTest1" time="0.0"/>
  <testcase name="Restando: 584" classname="CalculadoraTest1" time="0.0"/>
  <testcase name="Restando: 585" classname="CalculadoraTest1" time="0.0"/>
  <testcase name="Restando: 586" classname="CalculadoraTest1" time="0.0"/>
  <testcase name="Restando: 587" classname="CalculadoraTest1" time="0.0"/>
  <testcase name="Restando: 588" classname="CalculadoraTest1" time="0.0"/>
  <testcase name="Restando: 589" classname="CalculadoraTest1" time="0.0"/>
  <testcase name="Restando: 590" classname="CalculadoraTest1" time="0.0"/>
  <testcase name="Restando: 591" classname="CalculadoraTest1" time="0.001"/>
  <testcase name="Restando: 592" classname="CalculadoraTest1" time="0.0"/>
  <testcase name="Restando: 593" classname="CalculadoraTest1" time="0.0"/>
  <testcase name="Restando: 594" classname="CalculadoraTest1" time="0.0"/>
  <testcase name="Restando: 595" classname="CalculadoraTest1" time="0.0"/>
  <testcase name="Restando: 596" classname="CalculadoraTest1" time="0.0"/>
  <testcase name="Restando: 597" classname="CalculadoraTest1" time="0.0"/>
  <testcase name="Restando: 598" classname="CalculadoraTest1" time="0.0"/>
  <testcase name="Restando: 599" classname="CalculadoraTest1" time="0.0"/>
  <testcase name="Restando: 600" classname="CalculadoraTest1" time="0.0"/>
  <testcase name="Restando: 601" classname="CalculadoraTest1" time="0.0"/>
  <testcase name="Restando: 602" classname="CalculadoraTest1" time="0.0"/>
  <testcase name="Restando: 603" classname="CalculadoraTest1" time="0.0"/>
  <testcase name="Restando: 604" classname="CalculadoraTest1" time="0.0"/>
  <testcase name="Restando: 605" classname="CalculadoraTest1" time="0.0"/>
  <testcase name="Restando: 606" classname="CalculadoraTest1" time="0.001"/>
  <testcase name="Restando: 607" classname="CalculadoraTest1" time="0.0"/>
  <testcase name="Restando: 608" classname="CalculadoraTest1" time="0.0"/>
  <testcase name="Restando: 609" classname="CalculadoraTest1" time="0.0"/>
  <testcase name="Restando: 610" classname="CalculadoraTest1" time="0.0"/>
  <testcase name="Restando: 611" classname="CalculadoraTest1" time="0.0"/>
  <testcase name="Restando: 612" classname="CalculadoraTest1" time="0.001"/>
  <testcase name="Restando: 613" classname="CalculadoraTest1" time="0.0"/>
  <testcase name="Restando: 614" classname="CalculadoraTest1" time="0.0"/>
  <testcase name="Restando: 615" classname="CalculadoraTest1" time="0.0"/>
  <testcase name="Restando: 616" classname="CalculadoraTest1" time="0.0"/>
  <testcase name="Restando: 617" classname="CalculadoraTest1" time="0.0"/>
  <testcase name="Restando: 618" classname="CalculadoraTest1" time="0.0"/>
  <testcase name="Restando: 619" classname="CalculadoraTest1" time="0.0"/>
  <testcase name="Restando: 620" classname="CalculadoraTest1" time="0.0"/>
  <testcase name="Restando: 621" classname="CalculadoraTest1" time="0.0"/>
  <testcase name="Restando: 622" classname="CalculadoraTest1" time="0.0"/>
  <testcase name="Restando: 623" classname="CalculadoraTest1" time="0.0"/>
  <testcase name="Restando: 624" classname="CalculadoraTest1" time="0.0"/>
  <testcase name="Restando: 625" classname="CalculadoraTest1" time="0.0"/>
  <testcase name="Restando: 626" classname="CalculadoraTest1" time="0.0"/>
  <testcase name="Restando: 627" classname="CalculadoraTest1" time="0.0"/>
  <testcase name="Restando: 628" classname="CalculadoraTest1" time="0.0"/>
  <testcase name="Restando: 629" classname="CalculadoraTest1" time="0.0"/>
  <testcase name="Restando: 630" classname="CalculadoraTest1" time="0.0"/>
  <testcase name="Restando: 631" classname="CalculadoraTest1" time="0.0"/>
  <testcase name="Restando: 632" classname="CalculadoraTest1" time="0.004"/>
  <testcase name="Restando: 633" classname="CalculadoraTest1" time="0.001"/>
  <testcase name="Restando: 634" classname="CalculadoraTest1" time="0.0"/>
  <testcase name="Restando: 635" classname="CalculadoraTest1" time="0.0"/>
  <testcase name="Restando: 636" classname="CalculadoraTest1" time="0.0"/>
  <testcase name="Restando: 637" classname="CalculadoraTest1" time="0.001"/>
  <testcase name="Restando: 638" classname="CalculadoraTest1" time="0.0"/>
  <testcase name="Restando: 639" classname="CalculadoraTest1" time="0.001"/>
  <testcase name="Restando: 640" classname="CalculadoraTest1" time="0.0"/>
  <testcase name="Restando: 641" classname="CalculadoraTest1" time="0.0"/>
  <testcase name="Restando: 642" classname="CalculadoraTest1" time="0.001"/>
  <testcase name="Restando: 643" classname="CalculadoraTest1" time="0.0"/>
  <testcase name="Restando: 644" classname="CalculadoraTest1" time="0.0"/>
  <testcase name="Restando: 645" classname="CalculadoraTest1" time="0.0"/>
  <testcase name="Restando: 646" classname="CalculadoraTest1" time="0.0"/>
  <testcase name="Restando: 647" classname="CalculadoraTest1" time="0.0"/>
  <testcase name="Restando: 648" classname="CalculadoraTest1" time="0.0"/>
  <testcase name="Restando: 649" classname="CalculadoraTest1" time="0.0"/>
  <testcase name="Restando: 650" classname="CalculadoraTest1" time="0.0"/>
  <testcase name="Restando: 651" classname="CalculadoraTest1" time="0.0"/>
  <testcase name="Restando: 652" classname="CalculadoraTest1" time="0.0"/>
  <testcase name="Restando: 653" classname="CalculadoraTest1" time="0.0"/>
  <testcase name="Restando: 654" classname="CalculadoraTest1" time="0.003"/>
  <testcase name="Restando: 655" classname="CalculadoraTest1" time="0.0"/>
  <testcase name="Restando: 656" classname="CalculadoraTest1" time="0.0"/>
  <testcase name="Restando: 657" classname="CalculadoraTest1" time="0.0"/>
  <testcase name="Restando: 658" classname="CalculadoraTest1" time="0.0"/>
  <testcase name="Restando: 659" classname="CalculadoraTest1" time="0.0"/>
  <testcase name="Restando: 660" classname="CalculadoraTest1" time="0.0"/>
  <testcase name="Restando: 661" classname="CalculadoraTest1" time="0.0"/>
  <testcase name="Restando: 662" classname="CalculadoraTest1" time="0.002"/>
  <testcase name="Restando: 663" classname="CalculadoraTest1" time="0.0"/>
  <testcase name="Restando: 664" classname="CalculadoraTest1" time="0.0"/>
  <testcase name="Restando: 665" classname="CalculadoraTest1" time="0.0"/>
  <testcase name="Restando: 666" classname="CalculadoraTest1" time="0.0"/>
  <testcase name="Restando: 667" classname="CalculadoraTest1" time="0.0"/>
  <testcase name="Restando: 668" classname="CalculadoraTest1" time="0.0"/>
  <testcase name="Restando: 669" classname="CalculadoraTest1" time="0.001"/>
  <testcase name="Restando: 670" classname="CalculadoraTest1" time="0.001"/>
  <testcase name="Restando: 671" classname="CalculadoraTest1" time="0.0"/>
  <testcase name="Restando: 672" classname="CalculadoraTest1" time="0.0"/>
  <testcase name="Restando: 673" classname="CalculadoraTest1" time="0.0"/>
  <testcase name="Restando: 674" classname="CalculadoraTest1" time="0.0"/>
  <testcase name="Restando: 675" classname="CalculadoraTest1" time="0.0"/>
  <testcase name="Restando: 676" classname="CalculadoraTest1" time="0.0"/>
  <testcase name="Restando: 677" classname="CalculadoraTest1" time="0.0"/>
  <testcase name="Restando: 678" classname="CalculadoraTest1" time="0.0"/>
  <testcase name="Restando: 679" classname="CalculadoraTest1" time="0.0"/>
  <testcase name="Restando: 680" classname="CalculadoraTest1" time="0.0"/>
  <testcase name="Restando: 681" classname="CalculadoraTest1" time="0.0"/>
  <testcase name="Restando: 682" classname="CalculadoraTest1" time="0.0"/>
  <testcase name="Restando: 683" classname="CalculadoraTest1" time="0.0"/>
  <testcase name="Restando: 684" classname="CalculadoraTest1" time="0.0"/>
  <testcase name="Restando: 685" classname="CalculadoraTest1" time="0.0"/>
  <testcase name="Restando: 686" classname="CalculadoraTest1" time="0.0"/>
  <testcase name="Restando: 687" classname="CalculadoraTest1" time="0.0"/>
  <testcase name="Restando: 688" classname="CalculadoraTest1" time="0.005"/>
  <testcase name="Restando: 689" classname="CalculadoraTest1" time="0.0"/>
  <testcase name="Restando: 690" classname="CalculadoraTest1" time="0.0"/>
  <testcase name="Restando: 691" classname="CalculadoraTest1" time="0.0"/>
  <testcase name="Restando: 692" classname="CalculadoraTest1" time="0.0"/>
  <testcase name="Restando: 693" classname="CalculadoraTest1" time="0.0"/>
  <testcase name="Restando: 694" classname="CalculadoraTest1" time="0.0"/>
  <testcase name="Restando: 695" classname="CalculadoraTest1" time="0.0"/>
  <testcase name="Restando: 696" classname="CalculadoraTest1" time="0.0"/>
  <testcase name="Restando: 697" classname="CalculadoraTest1" time="0.0"/>
  <testcase name="Restando: 698" classname="CalculadoraTest1" time="0.0"/>
  <testcase name="Restando: 699" classname="CalculadoraTest1" time="0.0"/>
  <testcase name="Restando: 700" classname="CalculadoraTest1" time="0.001"/>
  <testcase name="Restando: 701" classname="CalculadoraTest1" time="0.0"/>
  <testcase name="Restando: 702" classname="CalculadoraTest1" time="0.0"/>
  <testcase name="Restando: 703" classname="CalculadoraTest1" time="0.0"/>
  <testcase name="Restando: 704" classname="CalculadoraTest1" time="0.0"/>
  <testcase name="Restando: 705" classname="CalculadoraTest1" time="0.0"/>
  <testcase name="Restando: 706" classname="CalculadoraTest1" time="0.0"/>
  <testcase name="Restando: 707" classname="CalculadoraTest1" time="0.0"/>
  <testcase name="Restando: 708" classname="CalculadoraTest1" time="0.001"/>
  <testcase name="Restando: 709" classname="CalculadoraTest1" time="0.0"/>
  <testcase name="Restando: 710" classname="CalculadoraTest1" time="0.0"/>
  <testcase name="Restando: 711" classname="CalculadoraTest1" time="0.0"/>
  <testcase name="Restando: 712" classname="CalculadoraTest1" time="0.0"/>
  <testcase name="Restando: 713" classname="CalculadoraTest1" time="0.0"/>
  <testcase name="Restando: 714" classname="CalculadoraTest1" time="0.0"/>
  <testcase name="Restando: 715" classname="CalculadoraTest1" time="0.0"/>
  <testcase name="Restando: 716" classname="CalculadoraTest1" time="0.0"/>
  <testcase name="Restando: 717" classname="CalculadoraTest1" time="0.001"/>
  <testcase name="Restando: 718" classname="CalculadoraTest1" time="0.0"/>
  <testcase name="Restando: 719" classname="CalculadoraTest1" time="0.0"/>
  <testcase name="Restando: 720" classname="CalculadoraTest1" time="0.0"/>
  <testcase name="Restando: 721" classname="CalculadoraTest1" time="0.0"/>
  <testcase name="Restando: 722" classname="CalculadoraTest1" time="0.0"/>
  <testcase name="Restando: 723" classname="CalculadoraTest1" time="0.0"/>
  <testcase name="Restando: 724" classname="CalculadoraTest1" time="0.0"/>
  <testcase name="Restando: 725" classname="CalculadoraTest1" time="0.0"/>
  <testcase name="Restando: 726" classname="CalculadoraTest1" time="0.001"/>
  <testcase name="Restando: 727" classname="CalculadoraTest1" time="0.0"/>
  <testcase name="Restando: 728" classname="CalculadoraTest1" time="0.0"/>
  <testcase name="Restando: 729" classname="CalculadoraTest1" time="0.0"/>
  <testcase name="Restando: 730" classname="CalculadoraTest1" time="0.0"/>
  <testcase name="Restando: 731" classname="CalculadoraTest1" time="0.0"/>
  <testcase name="Restando: 732" classname="CalculadoraTest1" time="0.0"/>
  <testcase name="Restando: 733" classname="CalculadoraTest1" time="0.0"/>
  <testcase name="Restando: 734" classname="CalculadoraTest1" time="0.0"/>
  <testcase name="Restando: 735" classname="CalculadoraTest1" time="0.001"/>
  <testcase name="Restando: 736" classname="CalculadoraTest1" time="0.0"/>
  <testcase name="Restando: 737" classname="CalculadoraTest1" time="0.0"/>
  <testcase name="Restando: 738" classname="CalculadoraTest1" time="0.0"/>
  <testcase name="Restando: 739" classname="CalculadoraTest1" time="0.0"/>
  <testcase name="Restando: 740" classname="CalculadoraTest1" time="0.0"/>
  <testcase name="Restando: 741" classname="CalculadoraTest1" time="0.0"/>
  <testcase name="Restando: 742" classname="CalculadoraTest1" time="0.0"/>
  <testcase name="Restando: 743" classname="CalculadoraTest1" time="0.0"/>
  <testcase name="Restando: 744" classname="CalculadoraTest1" time="0.001"/>
  <testcase name="Restando: 745" classname="CalculadoraTest1" time="0.0"/>
  <testcase name="Restando: 746" classname="CalculadoraTest1" time="0.0"/>
  <testcase name="Restando: 747" classname="CalculadoraTest1" time="0.0"/>
  <testcase name="Restando: 748" classname="CalculadoraTest1" time="0.0"/>
  <testcase name="Restando: 749" classname="CalculadoraTest1" time="0.0"/>
  <testcase name="Restando: 750" classname="CalculadoraTest1" time="0.0"/>
  <testcase name="Restando: 751" classname="CalculadoraTest1" time="0.0"/>
  <testcase name="Restando: 752" classname="CalculadoraTest1" time="0.0"/>
  <testcase name="Restando: 753" classname="CalculadoraTest1" time="0.0"/>
  <testcase name="Restando: 754" classname="CalculadoraTest1" time="0.0"/>
  <testcase name="Restando: 755" classname="CalculadoraTest1" time="0.0"/>
  <testcase name="Restando: 756" classname="CalculadoraTest1" time="0.0"/>
  <testcase name="Restando: 757" classname="CalculadoraTest1" time="0.0"/>
  <testcase name="Restando: 758" classname="CalculadoraTest1" time="0.0"/>
  <testcase name="Restando: 759" classname="CalculadoraTest1" time="0.0"/>
  <testcase name="Restando: 760" classname="CalculadoraTest1" time="0.0"/>
  <testcase name="Restando: 761" classname="CalculadoraTest1" time="0.0"/>
  <testcase name="Restando: 762" classname="CalculadoraTest1" time="0.0"/>
  <testcase name="Restando: 763" classname="CalculadoraTest1" time="0.0"/>
  <testcase name="Restando: 764" classname="CalculadoraTest1" time="0.008"/>
  <testcase name="Restando: 765" classname="CalculadoraTest1" time="0.003"/>
  <testcase name="Restando: 766" classname="CalculadoraTest1" time="0.0"/>
  <testcase name="Restando: 767" classname="CalculadoraTest1" time="0.042"/>
  <testcase name="Restando: 768" classname="CalculadoraTest1" time="0.0"/>
  <testcase name="Restando: 769" classname="CalculadoraTest1" time="0.0"/>
  <testcase name="Restando: 770" classname="CalculadoraTest1" time="0.0"/>
  <testcase name="Restando: 771" classname="CalculadoraTest1" time="0.0"/>
  <testcase name="Restando: 772" classname="CalculadoraTest1" time="0.0"/>
  <testcase name="Restando: 773" classname="CalculadoraTest1" time="0.0"/>
  <testcase name="Restando: 774" classname="CalculadoraTest1" time="0.0"/>
  <testcase name="Restando: 775" classname="CalculadoraTest1" time="0.0"/>
  <testcase name="Restando: 776" classname="CalculadoraTest1" time="0.0"/>
  <testcase name="Restando: 777" classname="CalculadoraTest1" time="0.0"/>
  <testcase name="Restando: 778" classname="CalculadoraTest1" time="0.0"/>
  <testcase name="Restando: 779" classname="CalculadoraTest1" time="0.0"/>
  <testcase name="Restando: 780" classname="CalculadoraTest1" time="0.0"/>
  <testcase name="Restando: 781" classname="CalculadoraTest1" time="0.0"/>
  <testcase name="Restando: 782" classname="CalculadoraTest1" time="0.0"/>
  <testcase name="Restando: 783" classname="CalculadoraTest1" time="0.0"/>
  <testcase name="Restando: 784" classname="CalculadoraTest1" time="0.0"/>
  <testcase name="Restando: 785" classname="CalculadoraTest1" time="0.0"/>
  <testcase name="Restando: 786" classname="CalculadoraTest1" time="0.0"/>
  <testcase name="Restando: 787" classname="CalculadoraTest1" time="0.0"/>
  <testcase name="Restando: 788" classname="CalculadoraTest1" time="0.0"/>
  <testcase name="Restando: 789" classname="CalculadoraTest1" time="0.0"/>
  <testcase name="Restando: 790" classname="CalculadoraTest1" time="0.0"/>
  <testcase name="Restando: 791" classname="CalculadoraTest1" time="0.0"/>
  <testcase name="Restando: 792" classname="CalculadoraTest1" time="0.0"/>
  <testcase name="Restando: 793" classname="CalculadoraTest1" time="0.0"/>
  <testcase name="Restando: 794" classname="CalculadoraTest1" time="0.0"/>
  <testcase name="Restando: 795" classname="CalculadoraTest1" time="0.0"/>
  <testcase name="Restando: 796" classname="CalculadoraTest1" time="0.0"/>
  <testcase name="Restando: 797" classname="CalculadoraTest1" time="0.0"/>
  <testcase name="Restando: 798" classname="CalculadoraTest1" time="0.0"/>
  <testcase name="Restando: 799" classname="CalculadoraTest1" time="0.0"/>
  <testcase name="Restando: 800" classname="CalculadoraTest1" time="0.0"/>
  <testcase name="Restando: 801" classname="CalculadoraTest1" time="0.0"/>
  <testcase name="Restando: 802" classname="CalculadoraTest1" time="0.0"/>
  <testcase name="Restando: 803" classname="CalculadoraTest1" time="0.0"/>
  <testcase name="Restando: 804" classname="CalculadoraTest1" time="0.0"/>
  <testcase name="Restando: 805" classname="CalculadoraTest1" time="0.0"/>
  <testcase name="Restando: 806" classname="CalculadoraTest1" time="0.0"/>
  <testcase name="Restando: 807" classname="CalculadoraTest1" time="0.0"/>
  <testcase name="Restando: 808" classname="CalculadoraTest1" time="0.0"/>
  <testcase name="Restando: 809" classname="CalculadoraTest1" time="0.0"/>
  <testcase name="Restando: 810" classname="CalculadoraTest1" time="0.0"/>
  <testcase name="Restando: 811" classname="CalculadoraTest1" time="0.0"/>
  <testcase name="Restando: 812" classname="CalculadoraTest1" time="0.0"/>
  <testcase name="Restando: 813" classname="CalculadoraTest1" time="0.0"/>
  <testcase name="Restando: 814" classname="CalculadoraTest1" time="0.0"/>
  <testcase name="Restando: 815" classname="CalculadoraTest1" time="0.0"/>
  <testcase name="Restando: 816" classname="CalculadoraTest1" time="0.0"/>
  <testcase name="Restando: 817" classname="CalculadoraTest1" time="0.0"/>
  <testcase name="Restando: 818" classname="CalculadoraTest1" time="0.0"/>
  <testcase name="Restando: 819" classname="CalculadoraTest1" time="0.0"/>
  <testcase name="Restando: 820" classname="CalculadoraTest1" time="0.001"/>
  <testcase name="Restando: 821" classname="CalculadoraTest1" time="0.0"/>
  <testcase name="Restando: 822" classname="CalculadoraTest1" time="0.0"/>
  <testcase name="Restando: 823" classname="CalculadoraTest1" time="0.0"/>
  <testcase name="Restando: 824" classname="CalculadoraTest1" time="0.0"/>
  <testcase name="Restando: 825" classname="CalculadoraTest1" time="0.0"/>
  <testcase name="Restando: 826" classname="CalculadoraTest1" time="0.0"/>
  <testcase name="Restando: 827" classname="CalculadoraTest1" time="0.0"/>
  <testcase name="Restando: 828" classname="CalculadoraTest1" time="0.0"/>
  <testcase name="Restando: 829" classname="CalculadoraTest1" time="0.0"/>
  <testcase name="Restando: 830" classname="CalculadoraTest1" time="0.0"/>
  <testcase name="Restando: 831" classname="CalculadoraTest1" time="0.0"/>
  <testcase name="Restando: 832" classname="CalculadoraTest1" time="0.0"/>
  <testcase name="Restando: 833" classname="CalculadoraTest1" time="0.0"/>
  <testcase name="Restando: 834" classname="CalculadoraTest1" time="0.0"/>
  <testcase name="Restando: 835" classname="CalculadoraTest1" time="0.0"/>
  <testcase name="Restando: 836" classname="CalculadoraTest1" time="0.0"/>
  <testcase name="Restando: 837" classname="CalculadoraTest1" time="0.0"/>
  <testcase name="Restando: 838" classname="CalculadoraTest1" time="0.0"/>
  <testcase name="Restando: 839" classname="CalculadoraTest1" time="0.0"/>
  <testcase name="Restando: 840" classname="CalculadoraTest1" time="0.001"/>
  <testcase name="Restando: 841" classname="CalculadoraTest1" time="0.0"/>
  <testcase name="Restando: 842" classname="CalculadoraTest1" time="0.0"/>
  <testcase name="Restando: 843" classname="CalculadoraTest1" time="0.0"/>
  <testcase name="Restando: 844" classname="CalculadoraTest1" time="0.0"/>
  <testcase name="Restando: 845" classname="CalculadoraTest1" time="0.0"/>
  <testcase name="Restando: 846" classname="CalculadoraTest1" time="0.0"/>
  <testcase name="Restando: 847" classname="CalculadoraTest1" time="0.0"/>
  <testcase name="Restando: 848" classname="CalculadoraTest1" time="0.0"/>
  <testcase name="Restando: 849" classname="CalculadoraTest1" time="0.0"/>
  <testcase name="Restando: 850" classname="CalculadoraTest1" time="0.0"/>
  <testcase name="Restando: 851" classname="CalculadoraTest1" time="0.0"/>
  <testcase name="Restando: 852" classname="CalculadoraTest1" time="0.0"/>
  <testcase name="Restando: 853" classname="CalculadoraTest1" time="0.0"/>
  <testcase name="Restando: 854" classname="CalculadoraTest1" time="0.0"/>
  <testcase name="Restando: 855" classname="CalculadoraTest1" time="0.0"/>
  <testcase name="Restando: 856" classname="CalculadoraTest1" time="0.0"/>
  <testcase name="Restando: 857" classname="CalculadoraTest1" time="0.0"/>
  <testcase name="Restando: 858" classname="CalculadoraTest1" time="0.0"/>
  <testcase name="Restando: 859" classname="CalculadoraTest1" time="0.0"/>
  <testcase name="Restando: 860" classname="CalculadoraTest1" time="0.0"/>
  <testcase name="Restando: 861" classname="CalculadoraTest1" time="0.0"/>
  <testcase name="Restando: 862" classname="CalculadoraTest1" time="0.0"/>
  <testcase name="Restando: 863" classname="CalculadoraTest1" time="0.0"/>
  <testcase name="Restando: 864" classname="CalculadoraTest1" time="0.0"/>
  <testcase name="Restando: 865" classname="CalculadoraTest1" time="0.0"/>
  <testcase name="Restando: 866" classname="CalculadoraTest1" time="0.0"/>
  <testcase name="Restando: 867" classname="CalculadoraTest1" time="0.0"/>
  <testcase name="Restando: 868" classname="CalculadoraTest1" time="0.0"/>
  <testcase name="Restando: 869" classname="CalculadoraTest1" time="0.0"/>
  <testcase name="Restando: 870" classname="CalculadoraTest1" time="0.0"/>
  <testcase name="Restando: 871" classname="CalculadoraTest1" time="0.0"/>
  <testcase name="Restando: 872" classname="CalculadoraTest1" time="0.0"/>
  <testcase name="Restando: 873" classname="CalculadoraTest1" time="0.0"/>
  <testcase name="Restando: 874" classname="CalculadoraTest1" time="0.0"/>
  <testcase name="Restando: 875" classname="CalculadoraTest1" time="0.0"/>
  <testcase name="Restando: 876" classname="CalculadoraTest1" time="0.0"/>
  <testcase name="Restando: 877" classname="CalculadoraTest1" time="0.0"/>
  <testcase name="Restando: 878" classname="CalculadoraTest1" time="0.0"/>
  <testcase name="Restando: 879" classname="CalculadoraTest1" time="0.0"/>
  <testcase name="Restando: 880" classname="CalculadoraTest1" time="0.0"/>
  <testcase name="Restando: 881" classname="CalculadoraTest1" time="0.0"/>
  <testcase name="Restando: 882" classname="CalculadoraTest1" time="0.0"/>
  <testcase name="Restando: 883" classname="CalculadoraTest1" time="0.0"/>
  <testcase name="Restando: 884" classname="CalculadoraTest1" time="0.0"/>
  <testcase name="Restando: 885" classname="CalculadoraTest1" time="0.0"/>
  <testcase name="Restando: 886" classname="CalculadoraTest1" time="0.0"/>
  <testcase name="Restando: 887" classname="CalculadoraTest1" time="0.0"/>
  <testcase name="Restando: 888" classname="CalculadoraTest1" time="0.0"/>
  <testcase name="Restando: 889" classname="CalculadoraTest1" time="0.0"/>
  <testcase name="Restando: 890" classname="CalculadoraTest1" time="0.0"/>
  <testcase name="Restando: 891" classname="CalculadoraTest1" time="0.0"/>
  <testcase name="Restando: 892" classname="CalculadoraTest1" time="0.0"/>
  <testcase name="Restando: 893" classname="CalculadoraTest1" time="0.0"/>
  <testcase name="Restando: 894" classname="CalculadoraTest1" time="0.0"/>
  <testcase name="Restando: 895" classname="CalculadoraTest1" time="0.0"/>
  <testcase name="Restando: 896" classname="CalculadoraTest1" time="0.0"/>
  <testcase name="Restando: 897" classname="CalculadoraTest1" time="0.0"/>
  <testcase name="Restando: 898" classname="CalculadoraTest1" time="0.0"/>
  <testcase name="Restando: 899" classname="CalculadoraTest1" time="0.001"/>
  <testcase name="Restando: 900" classname="CalculadoraTest1" time="0.0"/>
  <testcase name="Restando: 901" classname="CalculadoraTest1" time="0.0"/>
  <testcase name="Restando: 902" classname="CalculadoraTest1" time="0.0"/>
  <testcase name="Restando: 903" classname="CalculadoraTest1" time="0.0"/>
  <testcase name="Restando: 904" classname="CalculadoraTest1" time="0.0"/>
  <testcase name="Restando: 905" classname="CalculadoraTest1" time="0.0"/>
  <testcase name="Restando: 906" classname="CalculadoraTest1" time="0.0"/>
  <testcase name="Restando: 907" classname="CalculadoraTest1" time="0.0"/>
  <testcase name="Restando: 908" classname="CalculadoraTest1" time="0.0"/>
  <testcase name="Restando: 909" classname="CalculadoraTest1" time="0.0"/>
  <testcase name="Restando: 910" classname="CalculadoraTest1" time="0.0"/>
  <testcase name="Restando: 911" classname="CalculadoraTest1" time="0.0"/>
  <testcase name="Restando: 912" classname="CalculadoraTest1" time="0.0"/>
  <testcase name="Restando: 913" classname="CalculadoraTest1" time="0.0"/>
  <testcase name="Restando: 914" classname="CalculadoraTest1" time="0.0"/>
  <testcase name="Restando: 915" classname="CalculadoraTest1" time="0.0"/>
  <testcase name="Restando: 916" classname="CalculadoraTest1" time="0.0"/>
  <testcase name="Restando: 917" classname="CalculadoraTest1" time="0.0"/>
  <testcase name="Restando: 918" classname="CalculadoraTest1" time="0.0"/>
  <testcase name="Restando: 919" classname="CalculadoraTest1" time="0.0"/>
  <testcase name="Restando: 920" classname="CalculadoraTest1" time="0.0"/>
  <testcase name="Restando: 921" classname="CalculadoraTest1" time="0.0"/>
  <testcase name="Restando: 922" classname="CalculadoraTest1" time="0.0"/>
  <testcase name="Restando: 923" classname="CalculadoraTest1" time="0.0"/>
  <testcase name="Restando: 924" classname="CalculadoraTest1" time="0.0"/>
  <testcase name="Restando: 925" classname="CalculadoraTest1" time="0.0"/>
  <testcase name="Restando: 926" classname="CalculadoraTest1" time="0.0"/>
  <testcase name="Restando: 927" classname="CalculadoraTest1" time="0.0"/>
  <testcase name="Restando: 928" classname="CalculadoraTest1" time="0.0"/>
  <testcase name="Restando: 929" classname="CalculadoraTest1" time="0.0"/>
  <testcase name="Restando: 930" classname="CalculadoraTest1" time="0.0"/>
  <testcase name="Restando: 931" classname="CalculadoraTest1" time="0.0"/>
  <testcase name="Restando: 932" classname="CalculadoraTest1" time="0.0"/>
  <testcase name="Restando: 933" classname="CalculadoraTest1" time="0.0"/>
  <testcase name="Restando: 934" classname="CalculadoraTest1" time="0.0"/>
  <testcase name="Restando: 935" classname="CalculadoraTest1" time="0.0"/>
  <testcase name="Restando: 936" classname="CalculadoraTest1" time="0.0"/>
  <testcase name="Restando: 937" classname="CalculadoraTest1" time="0.0"/>
  <testcase name="Restando: 938" classname="CalculadoraTest1" time="0.0"/>
  <testcase name="Restando: 939" classname="CalculadoraTest1" time="0.0"/>
  <testcase name="Restando: 940" classname="CalculadoraTest1" time="0.0"/>
  <testcase name="Restando: 941" classname="CalculadoraTest1" time="0.0"/>
  <testcase name="Restando: 942" classname="CalculadoraTest1" time="0.0"/>
  <testcase name="Restando: 943" classname="CalculadoraTest1" time="0.0"/>
  <testcase name="Restando: 944" classname="CalculadoraTest1" time="0.0"/>
  <testcase name="Restando: 945" classname="CalculadoraTest1" time="0.0"/>
  <testcase name="Restando: 946" classname="CalculadoraTest1" time="0.0"/>
  <testcase name="Restando: 947" classname="CalculadoraTest1" time="0.0"/>
  <testcase name="Restando: 948" classname="CalculadoraTest1" time="0.0"/>
  <testcase name="Restando: 949" classname="CalculadoraTest1" time="0.0"/>
  <testcase name="Restando: 950" classname="CalculadoraTest1" time="0.0"/>
  <testcase name="Restando: 951" classname="CalculadoraTest1" time="0.0"/>
  <testcase name="Restando: 952" classname="CalculadoraTest1" time="0.0"/>
  <testcase name="Restando: 953" classname="CalculadoraTest1" time="0.0"/>
  <testcase name="Restando: 954" classname="CalculadoraTest1" time="0.0"/>
  <testcase name="Restando: 955" classname="CalculadoraTest1" time="0.0"/>
  <testcase name="Restando: 956" classname="CalculadoraTest1" time="0.0"/>
  <testcase name="Restando: 957" classname="CalculadoraTest1" time="0.0"/>
  <testcase name="Restando: 958" classname="CalculadoraTest1" time="0.0"/>
  <testcase name="Restando: 959" classname="CalculadoraTest1" time="0.0"/>
  <testcase name="Restando: 960" classname="CalculadoraTest1" time="0.0"/>
  <testcase name="Restando: 961" classname="CalculadoraTest1" time="0.0"/>
  <testcase name="Restando: 962" classname="CalculadoraTest1" time="0.0"/>
  <testcase name="Restando: 963" classname="CalculadoraTest1" time="0.0"/>
  <testcase name="Restando: 964" classname="CalculadoraTest1" time="0.0"/>
  <testcase name="Restando: 965" classname="CalculadoraTest1" time="0.0"/>
  <testcase name="Restando: 966" classname="CalculadoraTest1" time="0.0"/>
  <testcase name="Restando: 967" classname="CalculadoraTest1" time="0.0"/>
  <testcase name="Restando: 968" classname="CalculadoraTest1" time="0.0"/>
  <testcase name="Restando: 969" classname="CalculadoraTest1" time="0.001"/>
  <testcase name="Restando: 970" classname="CalculadoraTest1" time="0.0"/>
  <testcase name="Restando: 971" classname="CalculadoraTest1" time="0.0"/>
  <testcase name="Restando: 972" classname="CalculadoraTest1" time="0.0"/>
  <testcase name="Restando: 973" classname="CalculadoraTest1" time="0.0"/>
  <testcase name="Restando: 974" classname="CalculadoraTest1" time="0.0"/>
  <testcase name="Restando: 975" classname="CalculadoraTest1" time="0.0"/>
  <testcase name="Restando: 976" classname="CalculadoraTest1" time="0.0"/>
  <testcase name="Restando: 977" classname="CalculadoraTest1" time="0.0"/>
  <testcase name="Restando: 978" classname="CalculadoraTest1" time="0.0"/>
  <testcase name="Restando: 979" classname="CalculadoraTest1" time="0.0"/>
  <testcase name="Restando: 980" classname="CalculadoraTest1" time="0.0"/>
  <testcase name="Restando: 981" classname="CalculadoraTest1" time="0.0"/>
  <testcase name="Restando: 982" classname="CalculadoraTest1" time="0.0"/>
  <testcase name="Restando: 983" classname="CalculadoraTest1" time="0.0"/>
  <testcase name="Restando: 984" classname="CalculadoraTest1" time="0.0"/>
  <testcase name="Restando: 985" classname="CalculadoraTest1" time="0.0"/>
  <testcase name="Restando: 986" classname="CalculadoraTest1" time="0.0"/>
  <testcase name="Restando: 987" classname="CalculadoraTest1" time="0.0"/>
  <testcase name="Restando: 988" classname="CalculadoraTest1" time="0.0"/>
  <testcase name="Restando: 989" classname="CalculadoraTest1" time="0.0"/>
  <testcase name="Restando: 990" classname="CalculadoraTest1" time="0.0"/>
  <testcase name="Restando: 991" classname="CalculadoraTest1" time="0.0"/>
  <testcase name="Restando: 992" classname="CalculadoraTest1" time="0.0"/>
  <testcase name="Restando: 993" classname="CalculadoraTest1" time="0.0"/>
  <testcase name="Restando: 994" classname="CalculadoraTest1" time="0.0"/>
  <testcase name="Restando: 995" classname="CalculadoraTest1" time="0.0"/>
  <testcase name="Restando: 996" classname="CalculadoraTest1" time="0.0"/>
  <testcase name="Restando: 997" classname="CalculadoraTest1" time="0.0"/>
  <testcase name="Restando: 998" classname="CalculadoraTest1" time="0.0"/>
  <testcase name="Restando: 999" classname="CalculadoraTest1" time="0.0"/>
  <system-out><![CDATA[]]></system-out>
  <system-err><![CDATA[]]></system-err>
</testsuite>
